<?xml version="1.0" encoding="UTF-8"?>
<testng-results skipped="0" failed="0" ignored="0" total="1" passed="1">
  <reporter-output>
  </reporter-output>
  <suite name="Default suite" duration-ms="1400" started-at="2019-07-31T07:01:36Z" finished-at="2019-07-31T07:01:38Z">
    <groups>
    </groups>
    <test name="Default test" duration-ms="1400" started-at="2019-07-31T07:01:36Z" finished-at="2019-07-31T07:01:38Z">
      <class name="com.qa.tests.InpayTest">
        <test-method status="PASS" signature="setUp()[pri:0, instance:com.qa.tests.InpayTest@544fe44c]" name="setUp" is-config="true" duration-ms="10" started-at="2019-07-31T07:01:36Z" finished-at="2019-07-31T07:01:36Z">
          <reporter-output>
          </reporter-output>
        </test-method> <!-- setUp -->
        <test-method status="PASS" signature="inpayApiTest()[pri:0, instance:com.qa.tests.InpayTest@544fe44c]" name="inpayApiTest" duration-ms="1377" started-at="2019-07-31T07:01:36Z" finished-at="2019-07-31T07:01:38Z">
          <reporter-output>
          </reporter-output>
        </test-method> <!-- inpayApiTest -->
      </class> <!-- com.qa.tests.InpayTest -->
    </test> <!-- Default test -->
  </suite> <!-- Default suite -->
</testng-results>
